<?xml version="1.0" encoding="UTF-8"?>
<!-- Generated by org.testng.reporters.JUnitXMLReporter -->
<testsuite ignored="3" hostname="CIPL1017-QA" failures="0" tests="1" name="Default test" time="19.371" errors="0" timestamp="2022-10-12T16:57:12 IST">
  <testcase classname="TestCases.AD_LoginPage" name="td" time="5.718"/>
  <testcase classname="TestCases.AD_LoginPage" name="AD01" time="0.0">
    <ignored/>
  </testcase> <!-- AD01 -->
  <testcase classname="TestCases.AD_LoginPage" name="AD02" time="0.0">
    <ignored/>
  </testcase> <!-- AD02 -->
  <testcase classname="TestCases.AD_LoginPage" name="getceltex" time="0.0">
    <ignored/>
  </testcase> <!-- getceltex -->
</testsuite> <!-- Default test -->
